2018-11-04 17:01:02,027 INFO c.e.p.h.DepositHandler [main] Parsing started 
2018-11-04 17:01:50,493 INFO c.e.p.h.DepositHandler [main] Parsing started 
2018-11-04 17:05:01,631 INFO c.e.p.h.DepositHandler [main] Parsing started 
2018-11-04 17:05:01,631 INFO c.e.p.h.DepositHandler [main] Choose time deposit 
2018-11-04 17:06:05,333 INFO c.e.p.h.DepositHandler [main] Parsing started 
2018-11-04 17:06:05,333 INFO c.e.p.h.DepositHandler [main] Choose time deposit 
2018-11-04 17:06:32,799 INFO c.e.p.h.DepositHandler [main] Parsing started 
2018-11-04 17:06:53,836 INFO c.e.p.h.DepositHandler [main] Choose time deposit 
2018-11-04 17:10:04,133 INFO c.e.p.h.DepositHandler [main] Parsing started 
2018-11-04 17:10:04,133 INFO c.e.p.h.DepositHandler [main] Choose time deposit 
2018-11-04 17:11:13,213 INFO c.e.p.h.DepositHandler [main] Parsing started 
2018-11-04 17:11:13,213 INFO c.e.p.h.DepositHandler [main] Choose time deposit 
2018-11-04 17:11:58,824 INFO c.e.p.h.DepositHandler [main] Parsing started 
2018-11-04 17:11:58,840 INFO c.e.p.h.DepositHandler [main] Choose time deposit 
2018-11-04 17:11:58,840 INFO c.e.p.h.DepositHandler [main] Parsing ended 
2018-11-04 17:12:19,785 INFO c.e.p.h.DepositHandler [main] Parsing started 
2018-11-04 17:12:19,785 INFO c.e.p.h.DepositHandler [main] Choose time deposit 
2018-11-04 17:12:19,785 INFO c.e.p.h.DepositHandler [main] Parsing ended 
2018-11-04 17:14:01,152 INFO c.e.p.h.DepositHandler [main] Parsing started 
2018-11-04 17:14:01,168 INFO c.e.p.h.DepositHandler [main] Choose time deposit 
2018-11-04 17:14:01,168 INFO c.e.p.h.DepositHandler [main] Parsing ended 
2018-11-04 17:14:10,917 INFO c.e.p.h.DepositHandler [main] Parsing started 
2018-11-04 17:14:10,933 INFO c.e.p.h.DepositHandler [main] Choose time deposit 
2018-11-04 17:14:10,933 INFO c.e.p.h.DepositHandler [main] Parsing ended 
2018-11-04 17:14:33,797 INFO c.e.p.h.DepositHandler [main] Parsing started 
2018-11-04 17:14:33,812 INFO c.e.p.h.DepositHandler [main] Choose time deposit 
2018-11-04 17:14:33,812 INFO c.e.p.h.DepositHandler [main] Parsing ended 
2018-11-04 17:15:05,071 INFO c.e.p.h.DepositHandler [main] Parsing started 
2018-11-04 17:15:05,087 INFO c.e.p.h.DepositHandler [main] Choose time deposit 
2018-11-04 17:15:05,087 INFO c.e.p.h.DepositHandler [main] Parsing ended 
2018-11-04 17:17:37,546 INFO c.e.p.h.DepositHandler [main] Parsing started 
2018-11-04 17:17:37,562 INFO c.e.p.h.DepositHandler [main] Choose time deposit 
2018-11-04 17:24:40,131 INFO c.e.p.h.DepositHandler [main] Parsing ended 
2018-11-04 17:24:52,373 INFO c.e.p.h.DepositHandler [main] Parsing started 
2018-11-04 17:24:52,389 INFO c.e.p.h.DepositHandler [main] Choose time deposit 
2018-11-04 17:26:28,886 INFO c.e.p.h.DepositHandler [main] Parsing ended 
2018-11-04 17:26:42,231 INFO c.e.p.h.DepositHandler [main] Parsing started 
2018-11-04 17:26:42,231 INFO c.e.p.h.DepositHandler [main] Choose time deposit 
2018-11-04 17:31:15,680 INFO c.e.p.h.DepositHandler [main] Parsing ended 
2018-11-04 17:34:19,193 INFO c.e.p.h.DepositHandler [main] Parsing started 
2018-11-04 17:34:19,224 INFO c.e.p.h.DepositHandler [main] Choose time deposit 
2018-11-04 17:34:19,224 INFO c.e.p.h.DepositHandler [main] Parsing ended 
2018-11-04 17:34:48,832 INFO c.e.p.h.DepositHandler [main] Parsing started 
2018-11-04 17:34:48,832 INFO c.e.p.h.DepositHandler [main] Choose time deposit 
2018-11-04 17:39:03,709 INFO c.e.p.h.DepositHandler [main] Parsing ended 
2018-11-04 17:39:13,044 INFO c.e.p.h.DepositHandler [main] Parsing started 
2018-11-04 17:39:13,044 INFO c.e.p.h.DepositHandler [main] Choose time deposit 
2018-11-04 17:40:00,302 INFO c.e.p.h.DepositHandler [main] Parsing ended 
2018-11-04 17:40:14,035 INFO c.e.p.h.DepositHandler [main] Parsing started 
2018-11-04 17:40:14,035 INFO c.e.p.h.DepositHandler [main] Choose time deposit 
2018-11-04 17:41:14,184 INFO c.e.p.h.DepositHandler [main] Parsing ended 
2018-11-04 17:46:41,789 INFO c.e.p.h.DepositHandler [main] Parsing started 
2018-11-04 17:49:38,635 INFO c.e.p.h.DepositHandler [main] Parsing started 
2018-11-04 17:50:53,960 INFO c.e.p.h.DepositHandler [main] Parsing started 
2018-11-04 17:52:01,942 INFO c.e.p.h.DepositHandler [main] Parsing started 
2018-11-04 17:52:01,957 INFO c.e.p.h.DepositHandler [main] Choose time deposit 
2018-11-04 17:52:01,957 INFO c.e.p.h.DepositHandler [main] Choose saving deposit 
2018-11-04 17:52:01,957 INFO c.e.p.h.DepositHandler [main] Parsing ended 
2018-11-04 18:37:18,424 INFO c.e.p.h.DepositHandler [main] Parsing started 
2018-11-04 18:37:18,453 INFO c.e.p.h.DepositHandler [main] Choose time deposit 
2018-11-04 18:37:18,457 INFO c.e.p.h.DepositHandler [main] Choose saving deposit 
2018-11-04 18:37:18,459 INFO c.e.p.h.DepositHandler [main] Parsing ended 
2018-11-04 18:49:27,102 INFO c.e.p.h.DepositHandler [main] Parsing started 
2018-11-04 18:49:27,112 INFO c.e.p.h.DepositHandler [main] Choose time deposit 
2018-11-04 18:49:27,114 INFO c.e.p.h.DepositHandler [main] Choose saving deposit 
2018-11-04 18:49:27,115 INFO c.e.p.h.DepositHandler [main] Parsing ended 
2018-11-06 16:42:19,751 INFO c.e.p.h.DepositHandler [main] Parsing started 
2018-11-06 16:42:19,798 INFO c.e.p.h.DepositHandler [main] Choose time deposit 
2018-11-06 16:42:19,798 INFO c.e.p.h.DepositHandler [main] Choose saving deposit 
2018-11-06 16:42:19,798 INFO c.e.p.h.DepositHandler [main] Parsing ended 
2018-11-06 16:42:49,627 INFO c.e.p.h.DepositHandler [main] Parsing started 
2018-11-06 16:42:49,643 INFO c.e.p.h.DepositHandler [main] Choose time deposit 
2018-11-06 16:42:49,643 INFO c.e.p.h.DepositHandler [main] Choose saving deposit 
2018-11-06 16:42:49,643 INFO c.e.p.h.DepositHandler [main] Parsing ended 
2018-11-07 16:14:33,065 INFO c.e.p.h.DepositHandler [main] Parsing started 
2018-11-07 16:14:33,114 INFO c.e.p.h.DepositHandler [main] Choose time deposit 
2018-11-07 16:14:33,116 INFO c.e.p.h.DepositHandler [main] Choose saving deposit 
2018-11-07 16:14:33,117 INFO c.e.p.h.DepositHandler [main] Parsing ended 
2018-11-07 18:49:02,578 ERROR c.e.p.h.DepositsErrorHandler [main] 4 : 76-cvc-elt.1.a: Cannot find the declaration of element 'deposits'. 
2018-11-07 18:54:03,317 ERROR c.e.p.h.DepositsErrorHandler [main] 4 : 76-cvc-elt.1.a: Cannot find the declaration of element 'schema'. 
2018-11-07 18:55:14,150 INFO c.e.p.h.DepositHandler [main] Parsing started 
2018-11-07 18:57:08,879 INFO c.e.p.h.DepositHandler [main] Parsing started 
2018-11-07 18:57:08,910 INFO c.e.p.h.DepositHandler [main] Choose time deposit 
2018-11-07 18:57:08,910 INFO c.e.p.h.DepositHandler [main] Choose saving deposit 
2018-11-07 18:57:08,910 INFO c.e.p.h.DepositHandler [main] Parsing ended 
2018-11-07 18:58:45,446 ERROR c.e.p.h.DepositsErrorHandler [main] 4 : 76-cvc-elt.1.a: Cannot find the declaration of element 'deposits'. 
2018-11-07 19:00:32,615 ERROR c.e.p.h.DepositsErrorHandler [main] 4 : 76-cvc-elt.1.a: Cannot find the declaration of element 'deposits'. 
2018-11-07 19:04:09,323 INFO c.e.p.h.DepositHandler [main] Parsing started 
2018-11-07 19:04:09,339 INFO c.e.p.h.DepositHandler [main] Choose time deposit 
2018-11-07 19:04:42,750 INFO c.e.p.h.DepositHandler [main] Parsing started 
2018-11-07 19:04:42,765 INFO c.e.p.h.DepositHandler [main] Choose time deposit 
2018-11-07 19:04:42,765 INFO c.e.p.h.DepositHandler [main] Choose saving deposit 
2018-11-07 19:04:42,765 INFO c.e.p.h.DepositHandler [main] Parsing ended 
2018-11-07 19:16:15,221 INFO c.e.p.h.DepositHandler [main] Parsing started 
2018-11-07 19:16:15,240 INFO c.e.p.h.DepositHandler [main] Choose time deposit 
2018-11-07 19:16:15,245 INFO c.e.p.h.DepositHandler [main] Choose saving deposit 
2018-11-07 19:16:15,246 INFO c.e.p.h.DepositHandler [main] Parsing ended 
2018-11-08 00:35:50,329 INFO c.e.p.h.DepositHandler [main] Parsing started 
2018-11-08 00:35:50,353 INFO c.e.p.h.DepositHandler [main] Choose time deposit 
2018-11-08 00:35:50,354 INFO c.e.p.h.DepositHandler [main] Choose saving deposit 
2018-11-08 00:35:50,357 INFO c.e.p.h.DepositHandler [main] Parsing ended 
2018-11-08 01:23:25,815 ERROR c.e.p.h.DepositsErrorHandler [main] 2 : 48-cvc-elt.1: Cannot find the declaration of element 'deposits'. 
2018-11-08 10:43:25,947 ERROR c.e.p.h.DepositsErrorHandler [main] 6 : 18-cvc-complex-type.2.4.a: Invalid content was found starting with element 'TimeDeposit'. One of '{"http://www.example.com/deposits":deposit}' is expected. 
2018-11-08 10:43:58,866 ERROR c.e.p.h.DepositsErrorHandler [main] 6 : 18-cvc-complex-type.2.4.a: Invalid content was found starting with element 'TimeDeposit'. One of '{"http://www.example.com/deposits":deposit}' is expected. 
2018-11-08 10:44:20,211 ERROR c.e.p.h.DepositsErrorHandler [main] 14 : 18-cvc-complex-type.2.4.d: Invalid content was found starting with element 'cashout'. No child element is expected at this point. 
2018-11-08 10:44:44,128 ERROR c.e.p.h.DepositsErrorHandler [main] 9 : 20-cvc-complex-type.2.4.a: Invalid content was found starting with element 'profitity'. One of '{"http://www.example.com/deposits":profitability}' is expected. 
2018-11-08 10:53:20,048 ERROR c.e.p.v.ValidatorSax [main] Validation src/test/resources/invalidFile.xml is not valid because cvc-complex-type.2.4.a: Invalid content was found starting with element 'profitity'. One of '{"http://www.example.com/deposits":profitability}' is expected. 
2018-11-08 10:53:47,868 ERROR c.e.p.p.DomParser [main] File error or I/O error: E:\EPAM\TASK2\parsing\src\test\resources\deposit.xml (Не удается найти указанный файл) java.io.FileNotFoundException: E:\EPAM\TASK2\parsing\src\test\resources\deposit.xml (Не удается найти указанный файл)
	at java.io.FileInputStream.open0(Native Method)
	at java.io.FileInputStream.open(FileInputStream.java:195)
	at java.io.FileInputStream.<init>(FileInputStream.java:138)
	at java.io.FileInputStream.<init>(FileInputStream.java:93)
	at sun.net.www.protocol.file.FileURLConnection.connect(FileURLConnection.java:90)
	at sun.net.www.protocol.file.FileURLConnection.getInputStream(FileURLConnection.java:188)
	at com.sun.org.apache.xerces.internal.impl.XMLEntityManager.setupCurrentEntity(XMLEntityManager.java:623)
	at com.sun.org.apache.xerces.internal.impl.XMLVersionDetector.determineDocVersion(XMLVersionDetector.java:148)
	at com.sun.org.apache.xerces.internal.parsers.XML11Configuration.parse(XML11Configuration.java:806)
	at com.sun.org.apache.xerces.internal.parsers.XML11Configuration.parse(XML11Configuration.java:771)
	at com.sun.org.apache.xerces.internal.parsers.XMLParser.parse(XMLParser.java:141)
	at com.sun.org.apache.xerces.internal.parsers.DOMParser.parse(DOMParser.java:243)
	at com.sun.org.apache.xerces.internal.jaxp.DocumentBuilderImpl.parse(DocumentBuilderImpl.java:339)
	at javax.xml.parsers.DocumentBuilder.parse(DocumentBuilder.java:177)
	at com.epam.parsing.parser.DomParser.buildListDeposits(DomParser.java:44)
	at com.epam.parsing.parser.DomParser.parser(DomParser.java:29)
	at com.epam.parsing.parsers.DomParserTest.domParserPositiveTest(DomParserTest.java:28)
	at sun.reflect.NativeMethodAccessorImpl.invoke0(Native Method)
	at sun.reflect.NativeMethodAccessorImpl.invoke(NativeMethodAccessorImpl.java:62)
	at sun.reflect.DelegatingMethodAccessorImpl.invoke(DelegatingMethodAccessorImpl.java:43)
	at java.lang.reflect.Method.invoke(Method.java:498)
	at org.testng.internal.MethodInvocationHelper.invokeMethod(MethodInvocationHelper.java:124)
	at org.testng.internal.Invoker.invokeMethod(Invoker.java:583)
	at org.testng.internal.Invoker.invokeTestMethod(Invoker.java:719)
	at org.testng.internal.Invoker.invokeTestMethods(Invoker.java:989)
	at org.testng.internal.TestMethodWorker.invokeTestMethods(TestMethodWorker.java:125)
	at org.testng.internal.TestMethodWorker.run(TestMethodWorker.java:109)
	at org.testng.TestRunner.privateRun(TestRunner.java:648)
	at org.testng.TestRunner.run(TestRunner.java:505)
	at org.testng.SuiteRunner.runTest(SuiteRunner.java:455)
	at org.testng.SuiteRunner.runSequentially(SuiteRunner.java:450)
	at org.testng.SuiteRunner.privateRun(SuiteRunner.java:415)
	at org.testng.SuiteRunner.run(SuiteRunner.java:364)
	at org.testng.SuiteRunnerWorker.runSuite(SuiteRunnerWorker.java:52)
	at org.testng.SuiteRunnerWorker.run(SuiteRunnerWorker.java:84)
	at org.testng.TestNG.runSuitesSequentially(TestNG.java:1208)
	at org.testng.TestNG.runSuitesLocally(TestNG.java:1137)
	at org.testng.TestNG.runSuites(TestNG.java:1049)
	at org.testng.TestNG.run(TestNG.java:1017)
	at org.testng.IDEARemoteTestNG.run(IDEARemoteTestNG.java:72)
	at org.testng.RemoteTestNGStarter.main(RemoteTestNGStarter.java:123)

2018-11-08 10:55:14,968 ERROR c.e.p.p.SaxParser [main] File error or I/O error: E:\EPAM\TASK2\parsing\src\test\resources\deposit.xml (Не удается найти указанный файл) java.io.FileNotFoundException: E:\EPAM\TASK2\parsing\src\test\resources\deposit.xml (Не удается найти указанный файл)
	at java.io.FileInputStream.open0(Native Method)
	at java.io.FileInputStream.open(FileInputStream.java:195)
	at java.io.FileInputStream.<init>(FileInputStream.java:138)
	at java.io.FileInputStream.<init>(FileInputStream.java:93)
	at sun.net.www.protocol.file.FileURLConnection.connect(FileURLConnection.java:90)
	at sun.net.www.protocol.file.FileURLConnection.getInputStream(FileURLConnection.java:188)
	at com.sun.org.apache.xerces.internal.impl.XMLEntityManager.setupCurrentEntity(XMLEntityManager.java:623)
	at com.sun.org.apache.xerces.internal.impl.XMLVersionDetector.determineDocVersion(XMLVersionDetector.java:148)
	at com.sun.org.apache.xerces.internal.parsers.XML11Configuration.parse(XML11Configuration.java:806)
	at com.sun.org.apache.xerces.internal.parsers.XML11Configuration.parse(XML11Configuration.java:771)
	at com.sun.org.apache.xerces.internal.parsers.XMLParser.parse(XMLParser.java:141)
	at com.sun.org.apache.xerces.internal.parsers.AbstractSAXParser.parse(AbstractSAXParser.java:1140)
	at com.epam.parsing.parser.SaxParser.buildListDeposits(SaxParser.java:23)
	at com.epam.parsing.parser.SaxParser.parser(SaxParser.java:33)
	at com.epam.parsing.parsers.SaxParserTest.parserPositiveTest(SaxParserTest.java:28)
	at sun.reflect.NativeMethodAccessorImpl.invoke0(Native Method)
	at sun.reflect.NativeMethodAccessorImpl.invoke(NativeMethodAccessorImpl.java:62)
	at sun.reflect.DelegatingMethodAccessorImpl.invoke(DelegatingMethodAccessorImpl.java:43)
	at java.lang.reflect.Method.invoke(Method.java:498)
	at org.testng.internal.MethodInvocationHelper.invokeMethod(MethodInvocationHelper.java:124)
	at org.testng.internal.Invoker.invokeMethod(Invoker.java:583)
	at org.testng.internal.Invoker.invokeTestMethod(Invoker.java:719)
	at org.testng.internal.Invoker.invokeTestMethods(Invoker.java:989)
	at org.testng.internal.TestMethodWorker.invokeTestMethods(TestMethodWorker.java:125)
	at org.testng.internal.TestMethodWorker.run(TestMethodWorker.java:109)
	at org.testng.TestRunner.privateRun(TestRunner.java:648)
	at org.testng.TestRunner.run(TestRunner.java:505)
	at org.testng.SuiteRunner.runTest(SuiteRunner.java:455)
	at org.testng.SuiteRunner.runSequentially(SuiteRunner.java:450)
	at org.testng.SuiteRunner.privateRun(SuiteRunner.java:415)
	at org.testng.SuiteRunner.run(SuiteRunner.java:364)
	at org.testng.SuiteRunnerWorker.runSuite(SuiteRunnerWorker.java:52)
	at org.testng.SuiteRunnerWorker.run(SuiteRunnerWorker.java:84)
	at org.testng.TestNG.runSuitesSequentially(TestNG.java:1208)
	at org.testng.TestNG.runSuitesLocally(TestNG.java:1137)
	at org.testng.TestNG.runSuites(TestNG.java:1049)
	at org.testng.TestNG.run(TestNG.java:1017)
	at org.testng.IDEARemoteTestNG.run(IDEARemoteTestNG.java:72)
	at org.testng.RemoteTestNGStarter.main(RemoteTestNGStarter.java:123)

2018-11-08 10:55:28,793 INFO c.e.p.h.DepositHandler [main] Parsing started 
2018-11-08 10:55:28,820 INFO c.e.p.h.DepositHandler [main] Choose time deposit 
2018-11-08 10:55:28,821 INFO c.e.p.h.DepositHandler [main] Choose saving deposit 
2018-11-08 10:55:28,822 INFO c.e.p.h.DepositHandler [main] Parsing ended 
2018-11-08 10:57:06,771 INFO c.e.p.h.DepositHandler [main] Parsing started 
2018-11-08 10:57:06,797 INFO c.e.p.h.DepositHandler [main] Choose time deposit 
2018-11-08 10:57:06,801 INFO c.e.p.h.DepositHandler [main] Choose saving deposit 
2018-11-08 10:57:06,804 INFO c.e.p.h.DepositHandler [main] Parsing ended 
2018-11-08 10:58:02,207 ERROR c.e.p.p.DomParser [main] File error or I/O error: E:\EPAM\TASK2\parsing\src\test\resources\banks.xml (Не удается найти указанный файл) java.io.FileNotFoundException: E:\EPAM\TASK2\parsing\src\test\resources\banks.xml (Не удается найти указанный файл)
	at java.io.FileInputStream.open0(Native Method)
	at java.io.FileInputStream.open(FileInputStream.java:195)
	at java.io.FileInputStream.<init>(FileInputStream.java:138)
	at java.io.FileInputStream.<init>(FileInputStream.java:93)
	at sun.net.www.protocol.file.FileURLConnection.connect(FileURLConnection.java:90)
	at sun.net.www.protocol.file.FileURLConnection.getInputStream(FileURLConnection.java:188)
	at com.sun.org.apache.xerces.internal.impl.XMLEntityManager.setupCurrentEntity(XMLEntityManager.java:623)
	at com.sun.org.apache.xerces.internal.impl.XMLVersionDetector.determineDocVersion(XMLVersionDetector.java:148)
	at com.sun.org.apache.xerces.internal.parsers.XML11Configuration.parse(XML11Configuration.java:806)
	at com.sun.org.apache.xerces.internal.parsers.XML11Configuration.parse(XML11Configuration.java:771)
	at com.sun.org.apache.xerces.internal.parsers.XMLParser.parse(XMLParser.java:141)
	at com.sun.org.apache.xerces.internal.parsers.DOMParser.parse(DOMParser.java:243)
	at com.sun.org.apache.xerces.internal.jaxp.DocumentBuilderImpl.parse(DocumentBuilderImpl.java:339)
	at javax.xml.parsers.DocumentBuilder.parse(DocumentBuilder.java:177)
	at com.epam.parsing.parser.DomParser.buildListDeposits(DomParser.java:44)
	at com.epam.parsing.parser.DomParser.parser(DomParser.java:29)
	at Main.main(Main.java:27)

2018-11-08 11:06:09,657 ERROR c.e.p.p.SaxParser [main] File error or I/O error: E:\EPAM\TASK2\parsing\src\test\resources\banks.xml (Не удается найти указанный файл) java.io.FileNotFoundException: E:\EPAM\TASK2\parsing\src\test\resources\banks.xml (Не удается найти указанный файл)
	at java.io.FileInputStream.open0(Native Method)
	at java.io.FileInputStream.open(FileInputStream.java:195)
	at java.io.FileInputStream.<init>(FileInputStream.java:138)
	at java.io.FileInputStream.<init>(FileInputStream.java:93)
	at sun.net.www.protocol.file.FileURLConnection.connect(FileURLConnection.java:90)
	at sun.net.www.protocol.file.FileURLConnection.getInputStream(FileURLConnection.java:188)
	at com.sun.org.apache.xerces.internal.impl.XMLEntityManager.setupCurrentEntity(XMLEntityManager.java:623)
	at com.sun.org.apache.xerces.internal.impl.XMLVersionDetector.determineDocVersion(XMLVersionDetector.java:148)
	at com.sun.org.apache.xerces.internal.parsers.XML11Configuration.parse(XML11Configuration.java:806)
	at com.sun.org.apache.xerces.internal.parsers.XML11Configuration.parse(XML11Configuration.java:771)
	at com.sun.org.apache.xerces.internal.parsers.XMLParser.parse(XMLParser.java:141)
	at com.sun.org.apache.xerces.internal.parsers.AbstractSAXParser.parse(AbstractSAXParser.java:1140)
	at com.epam.parsing.parser.SaxParser.buildListDeposits(SaxParser.java:23)
	at com.epam.parsing.parser.SaxParser.parser(SaxParser.java:33)
	at Main.main(Main.java:20)

2018-11-08 11:06:20,957 INFO c.e.p.h.DepositHandler [main] Parsing started 
2018-11-08 11:07:55,276 INFO c.e.p.h.DepositHandler [main] Parsing started 
2018-11-08 11:15:24,603 INFO c.e.p.h.DepositHandler [main] Parsing started 
2018-11-08 11:15:24,615 INFO c.e.p.h.DepositHandler [main] Choose time deposit 
2018-11-08 11:15:24,616 INFO c.e.p.h.DepositHandler [main] Choose saving deposit 
2018-11-08 11:15:24,618 INFO c.e.p.h.DepositHandler [main] Parsing ended 
2018-11-08 11:15:52,599 INFO c.e.p.h.DepositHandler [main] Parsing started 
2018-11-08 11:18:20,251 INFO c.e.p.h.DepositHandler [main] Parsing started 
2018-11-08 11:18:20,257 INFO c.e.p.h.DepositHandler [main] Choose time deposit 
2018-11-08 11:18:20,260 INFO c.e.p.h.DepositHandler [main] Choose saving deposit 
2018-11-08 11:18:20,261 INFO c.e.p.h.DepositHandler [main] Parsing ended 
2018-11-08 13:34:03,637 INFO c.e.p.h.DepositHandler [main] Parsing started 
2018-11-08 13:34:03,637 INFO c.e.p.h.DepositHandler [main] Choose time deposit 
2018-11-08 13:34:03,652 INFO c.e.p.h.DepositHandler [main] Choose saving deposit 
2018-11-08 13:34:03,652 INFO c.e.p.h.DepositHandler [main] Parsing ended 
2018-11-08 13:34:58,605 INFO c.e.p.h.DepositHandler [main] Parsing started 
2018-11-08 13:34:58,605 INFO c.e.p.h.DepositHandler [main] Choose time deposit 
2018-11-08 13:34:58,605 INFO c.e.p.h.DepositHandler [main] Choose saving deposit 
2018-11-08 13:34:58,605 INFO c.e.p.h.DepositHandler [main] Parsing ended 
2018-11-10 23:26:03,188 INFO c.e.p.h.DepositHandler [main] Parsing started 
2018-11-10 23:26:03,236 INFO c.e.p.h.DepositHandler [main] Choose time deposit 
2018-11-10 23:26:03,240 INFO c.e.p.h.DepositHandler [main] Choose saving deposit 
2018-11-10 23:26:03,241 INFO c.e.p.h.DepositHandler [main] Parsing ended 
2018-11-10 23:26:04,138 ERROR c.e.p.v.ValidatorSax [main] Validation src/test/resources/invalidFile.xml is not valid because cvc-complex-type.2.4.a: Invalid content was found starting with element 'profitity'. One of '{"http://www.example.com/deposits":profitability}' is expected. 
2018-11-10 23:27:05,813 INFO c.e.p.h.DepositHandler [main] Parsing started 
2018-11-10 23:27:05,838 INFO c.e.p.h.DepositHandler [main] Choose time deposit 
2018-11-10 23:27:05,841 INFO c.e.p.h.DepositHandler [main] Choose saving deposit 
2018-11-10 23:27:05,842 INFO c.e.p.h.DepositHandler [main] Choose time deposit 
2018-11-10 23:27:05,842 INFO c.e.p.h.DepositHandler [main] Choose saving deposit 
2018-11-10 23:27:05,843 INFO c.e.p.h.DepositHandler [main] Choose saving deposit 
2018-11-10 23:27:05,852 INFO c.e.p.h.DepositHandler [main] Parsing ended 
2018-11-10 23:27:06,357 ERROR c.e.p.v.ValidatorSax [main] Validation src/test/resources/invalidFile.xml is not valid because cvc-complex-type.2.4.a: Invalid content was found starting with element 'profitity'. One of '{"http://www.example.com/deposits":profitability}' is expected. 
2018-11-10 23:45:03,945 INFO c.e.p.h.DepositHandler [main] Parsing started 
2018-11-10 23:45:03,958 INFO c.e.p.h.DepositHandler [main] Choose time deposit 
2018-11-10 23:45:03,975 INFO c.e.p.h.DepositHandler [main] Choose saving deposit 
2018-11-10 23:45:03,975 INFO c.e.p.h.DepositHandler [main] Choose time deposit 
2018-11-10 23:45:03,976 INFO c.e.p.h.DepositHandler [main] Choose saving deposit 
2018-11-10 23:45:03,977 INFO c.e.p.h.DepositHandler [main] Choose saving deposit 
2018-11-10 23:45:03,979 INFO c.e.p.h.DepositHandler [main] Parsing ended 
2018-11-10 23:45:04,823 ERROR c.e.p.v.ValidatorSax [main] Validation src/test/resources/invalidFile.xml is not valid because cvc-complex-type.2.4.a: Invalid content was found starting with element 'profitity'. One of '{"http://www.example.com/deposits":profitability}' is expected. 
2018-11-10 23:55:39,450 INFO c.e.p.h.DepositHandler [main] Parsing started 
2018-11-10 23:55:39,462 INFO c.e.p.h.DepositHandler [main] Choose time deposit 
2018-11-10 23:55:39,465 INFO c.e.p.h.DepositHandler [main] Choose saving deposit 
2018-11-10 23:55:39,466 INFO c.e.p.h.DepositHandler [main] Choose time deposit 
2018-11-10 23:55:39,467 INFO c.e.p.h.DepositHandler [main] Choose saving deposit 
2018-11-10 23:55:39,467 INFO c.e.p.h.DepositHandler [main] Choose saving deposit 
2018-11-10 23:55:39,468 INFO c.e.p.h.DepositHandler [main] Parsing ended 
2018-11-10 23:55:40,211 ERROR c.e.p.v.ValidatorSax [main] Validation src/test/resources/invalidFile.xml is not valid because cvc-complex-type.2.4.a: Invalid content was found starting with element 'profitity'. One of '{"http://www.example.com/deposits":profitability}' is expected. 
2018-11-10 23:55:53,453 INFO c.e.p.h.DepositHandler [main] Parsing started 
2018-11-10 23:55:53,461 INFO c.e.p.h.DepositHandler [main] Choose time deposit 
2018-11-10 23:55:53,961 ERROR c.e.p.v.ValidatorSax [main] Validation src/test/resources/invalidFile.xml is not valid because cvc-complex-type.2.4.a: Invalid content was found starting with element 'profitity'. One of '{"http://www.example.com/deposits":profitability}' is expected. 
2018-11-10 23:56:11,207 INFO c.e.p.h.DepositHandler [main] Parsing started 
2018-11-10 23:56:11,214 INFO c.e.p.h.DepositHandler [main] Choose time deposit 
2018-11-10 23:56:11,216 INFO c.e.p.h.DepositHandler [main] Choose saving deposit 
2018-11-10 23:56:11,217 INFO c.e.p.h.DepositHandler [main] Choose time deposit 
2018-11-10 23:56:11,217 INFO c.e.p.h.DepositHandler [main] Choose saving deposit 
2018-11-10 23:56:11,218 INFO c.e.p.h.DepositHandler [main] Choose saving deposit 
2018-11-10 23:56:11,218 INFO c.e.p.h.DepositHandler [main] Parsing ended 
2018-11-10 23:56:11,606 ERROR c.e.p.v.ValidatorSax [main] Validation src/test/resources/invalidFile.xml is not valid because cvc-complex-type.2.4.a: Invalid content was found starting with element 'profitity'. One of '{"http://www.example.com/deposits":profitability}' is expected. 
2018-11-11 00:18:42,930 INFO c.e.p.h.DepositHandler [main] Parsing started 
2018-11-11 00:18:42,943 INFO c.e.p.h.DepositHandler [main] Choose time deposit 
2018-11-11 00:18:42,947 INFO c.e.p.h.DepositHandler [main] Choose saving deposit 
2018-11-11 00:18:42,948 INFO c.e.p.h.DepositHandler [main] Choose time deposit 
2018-11-11 00:18:42,949 INFO c.e.p.h.DepositHandler [main] Choose saving deposit 
2018-11-11 00:18:42,950 INFO c.e.p.h.DepositHandler [main] Choose saving deposit 
2018-11-11 00:18:42,951 INFO c.e.p.h.DepositHandler [main] Parsing ended 
2018-11-11 00:28:50,927 INFO c.e.p.h.DepositHandler [main] Parsing started 
2018-11-11 00:28:50,938 INFO c.e.p.h.DepositHandler [main] Choose time deposit 
2018-11-11 00:28:50,953 INFO c.e.p.h.DepositHandler [main] Choose saving deposit 
2018-11-11 00:28:50,954 INFO c.e.p.h.DepositHandler [main] Choose time deposit 
2018-11-11 00:28:50,955 INFO c.e.p.h.DepositHandler [main] Choose saving deposit 
2018-11-11 00:28:50,957 INFO c.e.p.h.DepositHandler [main] Choose saving deposit 
2018-11-11 00:28:50,958 INFO c.e.p.h.DepositHandler [main] Parsing ended 
2018-11-11 00:28:51,699 ERROR c.e.p.v.ValidatorSax [main] Validation src/test/resources/invalidFile.xml is not valid because cvc-complex-type.4: Attribute 'bankId' must appear on element 'timeDeposit'. 
2018-11-11 00:34:42,737 INFO c.e.p.h.DepositHandler [main] Parsing started 
2018-11-11 00:34:42,749 INFO c.e.p.h.DepositHandler [main] Choose time deposit 
2018-11-11 00:34:42,763 INFO c.e.p.h.DepositHandler [main] Choose saving deposit 
2018-11-11 00:34:42,764 INFO c.e.p.h.DepositHandler [main] Choose time deposit 
2018-11-11 00:34:42,765 INFO c.e.p.h.DepositHandler [main] Choose saving deposit 
2018-11-11 00:34:42,765 INFO c.e.p.h.DepositHandler [main] Choose saving deposit 
2018-11-11 00:34:42,766 INFO c.e.p.h.DepositHandler [main] Parsing ended 
2018-11-11 00:34:43,566 ERROR c.e.p.v.ValidatorSax [main] Validation src/test/resources/invalidFile.xml is not valid because src-attribute.2: : The property 'default' is present in attribute 'bankId', so the value of 'use' must be 'optional'. 
2018-11-11 00:34:43,607 ERROR c.e.p.v.ValidatorSax [main] Validation src/test/resources/deposits.xml is not valid because src-attribute.2: : The property 'default' is present in attribute 'bankId', so the value of 'use' must be 'optional'. 
2018-11-11 00:35:49,601 INFO c.e.p.h.DepositHandler [main] Parsing started 
2018-11-11 00:35:49,609 INFO c.e.p.h.DepositHandler [main] Choose time deposit 
2018-11-11 00:35:49,611 INFO c.e.p.h.DepositHandler [main] Choose saving deposit 
2018-11-11 00:35:49,612 INFO c.e.p.h.DepositHandler [main] Choose time deposit 
2018-11-11 00:35:49,623 INFO c.e.p.h.DepositHandler [main] Choose saving deposit 
2018-11-11 00:35:49,624 INFO c.e.p.h.DepositHandler [main] Choose saving deposit 
2018-11-11 00:35:49,625 INFO c.e.p.h.DepositHandler [main] Parsing ended 
2018-11-11 00:35:50,248 ERROR c.e.p.v.ValidatorSax [main] Validation src/test/resources/invalidFile.xml is not valid because cvc-complex-type.2.4.a: Invalid content was found starting with element 'profitity'. One of '{"http://www.example.com/deposits":profitability}' is expected. 
